<?xml version="1.0" encoding="UTF-8"?>
<!-- Generated by org.testng.reporters.JUnitReportReporter -->
<testsuite hostname="LAPTOP-39100DHL" failures="0" tests="2" name="PageObjectModel.LoginPageTestCases" time="1.471" errors="0" timestamp="2024-02-22T16:46:19 IST" skipped="0">
  <testcase classname="PageObjectModel.LoginPageTestCases" name="ValidateTitle" time="0.021"/>
  <testcase classname="PageObjectModel.LoginPageTestCases" name="ValidateLogin" time="1.450"/>
</testsuite> <!-- PageObjectModel.LoginPageTestCases -->
