<?xml version="1.0" encoding="UTF-8"?>
<!-- Generated by org.testng.reporters.JUnitReportReporter -->
<testsuite hostname="LAPTOP-39100DHL" failures="0" tests="1" name="TESTNG_DEMO.testngdemo1" time="0.022" errors="0" timestamp="2024-02-08T10:08:38 IST" skipped="0">
  <testcase classname="TESTNG_DEMO.testngdemo1" name="test" time="0.022"/>
</testsuite> <!-- TESTNG_DEMO.testngdemo1 -->
