<?xml version="1.0" encoding="UTF-8"?>
<!-- Generated by org.testng.reporters.JUnitReportReporter -->
<testsuite hostname="LAPTOP-39100DHL" failures="0" tests="3" name="ParallelTesting.ParallelTesting_methods" time="30.547" errors="0" timestamp="2024-02-09T18:51:55 IST" skipped="0">
  <testcase classname="ParallelTesting.ParallelTesting_methods" name="googlechrome" time="7.472"/>
  <testcase classname="ParallelTesting.ParallelTesting_methods" name="firefox" time="11.881"/>
  <testcase classname="ParallelTesting.ParallelTesting_methods" name="edge" time="11.194"/>
</testsuite> <!-- ParallelTesting.ParallelTesting_methods -->
