<?xml version="1.0" encoding="UTF-8"?>
<!-- Generated by org.testng.reporters.JUnitReportReporter -->
<testsuite hostname="LAPTOP-39100DHL" failures="0" tests="3" name="TESTNG_DEMO.Annotationdemo" time="0.012" errors="0" timestamp="2024-02-08T14:07:46 IST" skipped="0">
  <testcase classname="TESTNG_DEMO.Annotationdemo" name="Registertest" time="0.006"/>
  <testcase classname="TESTNG_DEMO.Annotationdemo" name="Logintest" time="0.003"/>
  <testcase classname="TESTNG_DEMO.Annotationdemo" name="Logouttest" time="0.003"/>
</testsuite> <!-- TESTNG_DEMO.Annotationdemo -->
