<?xml version="1.0" encoding="UTF-8"?>
<!-- Generated by org.testng.reporters.JUnitReportReporter -->
<testsuite hostname="LAPTOP-39100DHL" failures="0" tests="5" name="TESTNG_DEMO.Disabletestfromexecution_enabled" time="0.009" errors="0" timestamp="2024-02-08T10:08:38 IST" skipped="1">
  <testcase classname="TESTNG_DEMO.Disabletestfromexecution_enabled" name="Registertest" time="0.002"/>
  <testcase classname="TESTNG_DEMO.Disabletestfromexecution_enabled" name="logout" time="0.003"/>
  <testcase classname="TESTNG_DEMO.Disabletestfromexecution_enabled" name="logintest" time="0.003"/>
  <testcase classname="TESTNG_DEMO.Disabletestfromexecution_enabled" name="addtocarttest" time="0.001"/>
  <testcase classname="TESTNG_DEMO.Disabletestfromexecution_enabled" name="searchtest">
    <skipped/>
  </testcase> <!-- searchtest -->
</testsuite> <!-- TESTNG_DEMO.Disabletestfromexecution_enabled -->
