<?xml version="1.0" encoding="UTF-8"?>
<!-- Generated by org.testng.reporters.JUnitReportReporter -->
<testsuite hostname="LAPTOP-39100DHL" failures="0" tests="1" name="TESTNG_DEMO.DatafromXmlFile" time="13.981" errors="0" timestamp="2024-02-09T20:27:09 IST" skipped="0">
  <testcase classname="TESTNG_DEMO.DatafromXmlFile" name="login" time="13.981"/>
</testsuite> <!-- TESTNG_DEMO.DatafromXmlFile -->
