<?xml version="1.0" encoding="UTF-8"?>
<!-- Generated by org.testng.reporters.JUnitReportReporter -->
<testsuite hostname="LAPTOP-39100DHL" failures="0" tests="1" name="ParallelTesting.Class1" time="6.356" errors="0" timestamp="2024-02-09T18:56:16 IST" skipped="0">
  <testcase classname="ParallelTesting.Class1" name="googlechrome" time="6.356"/>
</testsuite> <!-- ParallelTesting.Class1 -->
