<?xml version="1.0" encoding="UTF-8"?>
<!-- Generated by org.testng.reporters.JUnitReportReporter -->
<testsuite hostname="LAPTOP-39100DHL" failures="0" tests="4" name="datadriventesting1.DataDrivenUsingArray" time="0.026" errors="0" timestamp="2024-02-10T23:04:01 IST" skipped="0">
  <testcase classname="datadriventesting1.DataDrivenUsingArray" name="loginTest" time="0.002"/>
  <testcase classname="datadriventesting1.DataDrivenUsingArray" name="loginTest" time="0.002"/>
  <testcase classname="datadriventesting1.DataDrivenUsingArray" name="loginTest" time="0.020"/>
  <testcase classname="datadriventesting1.DataDrivenUsingArray" name="loginTest" time="0.002"/>
</testsuite> <!-- datadriventesting1.DataDrivenUsingArray -->
