<?xml version="1.0" encoding="UTF-8"?>
<!-- Generated by org.testng.reporters.JUnitReportReporter -->
<testsuite hostname="LAPTOP-39100DHL" failures="0" tests="1" name="ParallelTesting.Class2" time="8.184" errors="0" timestamp="2024-02-09T18:56:16 IST" skipped="0">
  <testcase classname="ParallelTesting.Class2" name="firefox" time="8.184"/>
</testsuite> <!-- ParallelTesting.Class2 -->
