<?xml version="1.0" encoding="UTF-8"?>
<!-- Generated by org.testng.reporters.JUnitReportReporter -->
<testsuite hostname="LAPTOP-39100DHL" failures="0" tests="2" name="TESTNG_DEMO.CRMpageTest" time="3.583" errors="0" timestamp="2024-02-08T14:48:58 IST" skipped="0">
  <testcase classname="TESTNG_DEMO.CRMpageTest" name="ValidateSignInlink" time="1.785"/>
  <testcase classname="TESTNG_DEMO.CRMpageTest" name="ValidateLogin" time="1.798"/>
</testsuite> <!-- TESTNG_DEMO.CRMpageTest -->
