<?xml version="1.0" encoding="UTF-8"?>
<!-- Generated by org.testng.reporters.JUnitReportReporter -->
<testsuite hostname="LAPTOP-39100DHL" failures="0" tests="13" name="TESTNG_DEMO.Testng_using_priority" time="0.074" errors="0" timestamp="2024-02-19T09:22:21 IST" skipped="0">
  <testcase classname="TESTNG_DEMO.Testng_using_priority" name="Registertest" time="0.010"/>
  <testcase classname="TESTNG_DEMO.Testng_using_priority" name="logintest" time="0.003"/>
  <testcase classname="TESTNG_DEMO.Testng_using_priority" name="logintest" time="0.007"/>
  <testcase classname="TESTNG_DEMO.Testng_using_priority" name="logintest" time="0.009"/>
  <testcase classname="TESTNG_DEMO.Testng_using_priority" name="logintest" time="0.006"/>
  <testcase classname="TESTNG_DEMO.Testng_using_priority" name="logintest" time="0.009"/>
  <testcase classname="TESTNG_DEMO.Testng_using_priority" name="logintest" time="0.008"/>
  <testcase classname="TESTNG_DEMO.Testng_using_priority" name="logintest" time="0.002"/>
  <testcase classname="TESTNG_DEMO.Testng_using_priority" name="logintest" time="0.007"/>
  <testcase classname="TESTNG_DEMO.Testng_using_priority" name="logintest" time="0.007"/>
  <testcase classname="TESTNG_DEMO.Testng_using_priority" name="logintest" time="0.002"/>
  <testcase classname="TESTNG_DEMO.Testng_using_priority" name="searchtest" time="0.002"/>
  <testcase classname="TESTNG_DEMO.Testng_using_priority" name="addtocarttest" time="0.002"/>
</testsuite> <!-- TESTNG_DEMO.Testng_using_priority -->
