<?xml version="1.0" encoding="UTF-8"?>
<!-- Generated by org.testng.reporters.JUnitReportReporter -->
<testsuite hostname="LAPTOP-39100DHL" failures="0" tests="1" name="TESTNG_DEMO.PropertiesFileDataRead" time="16.190" errors="0" timestamp="2024-02-09T22:43:29 IST" skipped="0">
  <testcase classname="TESTNG_DEMO.PropertiesFileDataRead" name="dataread" time="16.190"/>
</testsuite> <!-- TESTNG_DEMO.PropertiesFileDataRead -->
