<?xml version="1.0" encoding="UTF-8"?>
<!-- Generated by org.testng.reporters.JUnitReportReporter -->
<testsuite hostname="LAPTOP-39100DHL" failures="0" tests="4" name="com.SwagLabs.Testcases.AddToCartPageTest" time="10.830" errors="0" timestamp="2024-02-22T16:44:50 IST" skipped="0">
  <testcase classname="com.SwagLabs.Testcases.AddToCartPageTest" name="verifycartpage" time="0.118"/>
  <testcase classname="com.SwagLabs.Testcases.AddToCartPageTest" name="validateRemoveproduct" time="2.581"/>
  <testcase classname="com.SwagLabs.Testcases.AddToCartPageTest" name="validatecontinue" time="8.034"/>
  <testcase classname="com.SwagLabs.Testcases.AddToCartPageTest" name="validatecheckout" time="0.097"/>
</testsuite> <!-- com.SwagLabs.Testcases.AddToCartPageTest -->
