<?xml version="1.0" encoding="UTF-8"?>
<!-- Generated by org.testng.reporters.JUnitReportReporter -->
<testsuite hostname="LAPTOP-39100DHL" failures="0" tests="3" name="paralleltesting_or_crossbrowsertesting.paralleltestingonmethods" time="28.031" errors="0" timestamp="2024-02-09T18:37:46 IST" skipped="0">
  <testcase classname="paralleltesting_or_crossbrowsertesting.paralleltestingonmethods" name="googlechrome" time="7.050"/>
  <testcase classname="paralleltesting_or_crossbrowsertesting.paralleltestingonmethods" name="firefox" time="11.108"/>
  <testcase classname="paralleltesting_or_crossbrowsertesting.paralleltestingonmethods" name="edge" time="9.873"/>
</testsuite> <!-- paralleltesting_or_crossbrowsertesting.paralleltestingonmethods -->
