<?xml version="1.0" encoding="UTF-8"?>
<!-- Generated by org.testng.reporters.JUnitReportReporter -->
<testsuite hostname="LAPTOP-39100DHL" failures="0" tests="2" name="PageObjectModel.LoginpageTestcases_pagefactory" time="4.317" errors="0" timestamp="2024-02-08T21:57:28 IST" skipped="0">
  <testcase classname="PageObjectModel.LoginpageTestcases_pagefactory" name="validatetitle" time="0.020"/>
  <testcase classname="PageObjectModel.LoginpageTestcases_pagefactory" name="validatelogin" time="4.297"/>
</testsuite> <!-- PageObjectModel.LoginpageTestcases_pagefactory -->
