<?xml version="1.0" encoding="UTF-8"?>
<!-- Generated by org.testng.reporters.JUnitReportReporter -->
<testsuite hostname="LAPTOP-39100DHL" failures="0" tests="2" name="TESTNG_DEMO.Timeoutattribute" time="4.034" errors="1" timestamp="2024-02-08T12:43:32 IST" skipped="0">
  <testcase classname="TESTNG_DEMO.Timeoutattribute" name="testcase1" time="0.010"/>
  <testcase classname="TESTNG_DEMO.Timeoutattribute" name="testcase2" time="4.024">
    <error message="Method TESTNG_DEMO.Timeoutattribute.testcase2() didn&#039;t finish within the time-out 4000" type="org.testng.internal.thread.ThreadTimeoutException">
      <![CDATA[org.testng.internal.thread.ThreadTimeoutException: Method TESTNG_DEMO.Timeoutattribute.testcase2() didn't finish within the time-out 4000
at java.base@17.0.7/java.lang.Thread.sleep(Native Method)
at app//TESTNG_DEMO.Timeoutattribute.testcase2(Timeoutattribute.java:14)
at java.base@17.0.7/jdk.internal.reflect.NativeMethodAccessorImpl.invoke0(Native Method)
at java.base@17.0.7/jdk.internal.reflect.NativeMethodAccessorImpl.invoke(NativeMethodAccessorImpl.java:77)
at java.base@17.0.7/jdk.internal.reflect.DelegatingMethodAccessorImpl.invoke(DelegatingMethodAccessorImpl.java:43)
at java.base@17.0.7/java.lang.reflect.Method.invoke(Method.java:568)
at app//org.testng.internal.invokers.MethodInvocationHelper.invokeMethod(MethodInvocationHelper.java:139)
at app//org.testng.internal.invokers.InvokeMethodRunnable.runOne(InvokeMethodRunnable.java:47)
at app//org.testng.internal.invokers.InvokeMethodRunnable.call(InvokeMethodRunnable.java:76)
at app//org.testng.internal.invokers.InvokeMethodRunnable.call(InvokeMethodRunnable.java:11)
at java.base@17.0.7/java.util.concurrent.FutureTask.run(FutureTask.java:264)
at java.base@17.0.7/java.util.concurrent.ThreadPoolExecutor.runWorker(ThreadPoolExecutor.java:1136)
at java.base@17.0.7/java.util.concurrent.ThreadPoolExecutor$Worker.run(ThreadPoolExecutor.java:635)
at java.base@17.0.7/java.lang.Thread.run(Thread.java:833)
]]>
    </error>
  </testcase> <!-- testcase2 -->
</testsuite> <!-- TESTNG_DEMO.Timeoutattribute -->
