<?xml version="1.0" encoding="UTF-8"?>
<!-- Generated by org.testng.reporters.JUnitReportReporter -->
<testsuite hostname="LAPTOP-39100DHL" failures="0" tests="2" name="TESTNG_DEMO.groupingtest" time="0.016" errors="0" timestamp="2024-02-08T12:27:05 IST" skipped="0">
  <testcase classname="TESTNG_DEMO.groupingtest" name="testcase6" time="0.001"/>
  <testcase classname="TESTNG_DEMO.groupingtest" name="testcase5" time="0.015"/>
</testsuite> <!-- TESTNG_DEMO.groupingtest -->
