<?xml version="1.0" encoding="UTF-8"?>
<!-- Generated by org.testng.reporters.JUnitReportReporter -->
<testsuite hostname="LAPTOP-39100DHL" failures="0" tests="3" name="TESTNG_DEMO.Testngdemo2" time="25.742" errors="0" timestamp="2024-02-08T10:08:38 IST" skipped="0">
  <testcase classname="TESTNG_DEMO.Testngdemo2" name="googlechrome" time="6.584"/>
  <testcase classname="TESTNG_DEMO.Testngdemo2" name="firefox" time="9.457"/>
  <testcase classname="TESTNG_DEMO.Testngdemo2" name="edge" time="9.701"/>
</testsuite> <!-- TESTNG_DEMO.Testngdemo2 -->
