<?xml version="1.0" encoding="UTF-8"?>
<!-- Generated by org.testng.reporters.JUnitReportReporter -->
<testsuite hostname="LAPTOP-39100DHL" failures="0" tests="1" name="datadriventesting1.ScreenshotTest" time="13.063" errors="0" timestamp="2024-02-16T21:26:47 IST" skipped="0">
  <testcase classname="datadriventesting1.ScreenshotTest" name="capture" time="13.063"/>
</testsuite> <!-- datadriventesting1.ScreenshotTest -->
